[1/372] QtWyOJHUiFU Magic has changed A LOT since 1994 | The Command Zone 642 | MTG EDH Magic Gathering
  Chrome is open. If YouTube asks for consent, sign-in, or a bot check, complete it in that window. Pre-roll ads will be allowed to finish.
  Early-show sweep: 1:00 through 8:00; 85 frame(s)
  Scanned 60/85 early-show sweep frame(s)...
  Description bookmarks: 13; checking all 13 eligible chapter(s); scanning 91 additional frame(s)
  Scanned 60/91 chapter sweep frame(s)...
  Bookmark scan: 13 bookmark(s); YOU ROCK matches: 0
[2/372] WWfcx4i3Ia8 MARVEL + MTG: EarthÆs Mightiest New Commanders! | The Command Zone 639 | EDH Magic Gathering
  Chrome is open. If YouTube asks for consent, sign-in, or a bot check, complete it in that window. Pre-roll ads will be allowed to finish.
  Early-show sweep: 1:00 through 8:00; 85 frame(s)
  YOU ROCK candidate at 4:41: Gravy Train (0.983)
  YOU ROCK found during early-show sweep; moving to next video
  Confirmed YOU ROCK at 4:41
  Bookmark scan: 7 bookmark(s); YOU ROCK matches: 1
[3/372] rURePA5zR6M ôMost Wantedö Full Deck Reveal - Outlaws of Thunder Junction | The Command Zone 598 | MTG EDH Magic
  Chrome is open. If YouTube asks for consent, sign-in, or a bot check, complete it in that window. Pre-roll ads will be allowed to finish.
  Early-show sweep: 1:00 through 8:00; 85 frame(s)
  YOU ROCK candidate at 4:26: Robert Greco (0.992)
  YOU ROCK found during early-show sweep; moving to next video
  Confirmed YOU ROCK at 4:26
  Bookmark scan: 20 bookmark(s); YOU ROCK matches: 1
[4/372] 053iZT8Lqws ôDeep Clue Seaö Full Deck Reveal - Murders at Karlov Manor | The Command Zone 585 | MTG EDH Magic
  Chrome is open. If YouTube asks for consent, sign-in, or a bot check, complete it in that window. Pre-roll ads will be allowed to finish.
  Early-show sweep: 1:00 through 8:00; 85 frame(s)
  YOU ROCK candidate at 4:39: Niall Hopkins (0.993)
  YOU ROCK found during early-show sweep; moving to next video
  Confirmed YOU ROCK at 4:39
  Bookmark scan: 17 bookmark(s); YOU ROCK matches: 1
[5/372] gjFvLb3tM5U Most Powerful Old School Commanders | The Command Zone 583 | MTG EDH Magic Gathering
  Early-show sweep: 1:00 through 8:00; 85 frame(s)
  YOU ROCK candidate at 4:26: Beau Lee (0.998)
  YOU ROCK found during early-show sweep; moving to next video
  Confirmed YOU ROCK at 4:26
  Bookmark scan: 12 bookmark(s); YOU ROCK matches: 1
[6/372] a3a9nXnCiRs The Best Cards (In the 99) from Lost Caverns of Ixalan | The Command Zone 575 | MTG EDH Magic
  Chrome is open. If YouTube asks for consent, sign-in, or a bot check, complete it in that window. Pre-roll ads will be allowed to finish.
  Early-show sweep: 1:00 through 8:00; 85 frame(s)
  YOU ROCK candidate at 3:36: Jared Coleman (0.999)
  YOU ROCK found during early-show sweep; moving to next video
  Confirmed YOU ROCK at 3:36
  Bookmark scan: 23 bookmark(s); YOU ROCK matches: 1
[7/372] pjAn9kSqhfs Most Powerful Commanders from Lost Caverns of Ixalan | The Command Zone 571 | MTG EDH Magic
  Chrome is open. If YouTube asks for consent, sign-in, or a bot check, complete it in that window. Pre-roll ads will be allowed to finish.
  Early-show sweep: 1:00 through 8:00; 85 frame(s)
  YOU ROCK candidate at 3:36: Alex Quintero (0.995)
  YOU ROCK found during early-show sweep; moving to next video
  Confirmed YOU ROCK at 3:36
  Bookmark scan: 17 bookmark(s); YOU ROCK matches: 1
[8/372] DYH4rKEVfsw ôBlast from the Pastö Doctor Who Precon Upgrade | The Command Zone 566 | MTG EDH Magic Commander
  Early-show sweep: 1:00 through 8:00; 85 frame(s)
  YOU ROCK candidate at 3:43: Steven Strickland Jr (0.998)
  YOU ROCK found during early-show sweep; moving to next video
  Confirmed YOU ROCK at 3:43
  Bookmark scan: 17 bookmark(s); YOU ROCK matches: 1
[9/372] CKw9MNliFSs The Most Interesting Commanders in LOTR | The Command Zone 545 | MTG Commander Lord of the Rings
  Early-show sweep: 1:00 through 8:00; 85 frame(s)
  YOU ROCK candidate at 3:43: Kyle Bruns (0.997)
  YOU ROCK found during early-show sweep; moving to next video
  Confirmed YOU ROCK at 3:43
  Bookmark scan: 11 bookmark(s); YOU ROCK matches: 1
[10/372] N4VUMc0GCvo LOTRÆs New Mechanic is ALL POWERFUL | The Command Zone 539 | Magic MTG Commander Lord of the Rings
  Early-show sweep: 1:00 through 8:00; 85 frame(s)
  YOU ROCK candidate at 4:54: Jeremiah Benson (0.996)
  YOU ROCK found during early-show sweep; moving to next video
  Confirmed YOU ROCK at 4:54
  Bookmark scan: 17 bookmark(s); YOU ROCK matches: 1
[11/372] ztAt03EG140 ôDivine Convocationö Precon Reveal - March of the Machine | The Command Zone 522 | MTG Commander EDH
  Early-show sweep: 1:00 through 8:00; 85 frame(s)
  Scanned 60/85 early-show sweep frame(s)...
  Description bookmarks: 21; checking all 21 eligible chapter(s); scanning 140 additional frame(s)
  Scanned 60/140 chapter sweep frame(s)...
  Scanned 120/140 chapter sweep frame(s)...
  Bookmark scan: 21 bookmark(s); YOU ROCK matches: 0
[12/372] BTsMQiKb8jA Commander Staples That ArenÆt Worth the Price | The Command Zone 518 | Magic The Gathering EDH
  Early-show sweep: 1:00 through 8:00; 85 frame(s)
  YOU ROCK candidate at 4:09: Adam Shepherd (0.977)
  YOU ROCK found during early-show sweep; moving to next video
  Confirmed YOU ROCK at 4:09
  Bookmark scan: 21 bookmark(s); YOU ROCK matches: 1
[13/372] osaumP0BPCs How To Play Infect with Mr. Infect | The Command Zone 516 | Magic: The Gathering Commander EDH
  Chrome is open. If YouTube asks for consent, sign-in, or a bot check, complete it in that window. Pre-roll ads will be allowed to finish.
  Early-show sweep: 1:00 through 8:00; 85 frame(s)
  YOU ROCK candidate at 3:29: Kayla Nordstrom (0.989)
  YOU ROCK found during early-show sweep; moving to next video
  Confirmed YOU ROCK at 3:29
  Bookmark scan: 0 bookmark(s); YOU ROCK matches: 1
[14/372] 1Ibh_3qF2ac The Best Cards (In the 99) from All Will Be One | The Command Zone 515 | Magic MTG Commander EDH
  Early-show sweep: 1:00 through 8:00; 85 frame(s)
  YOU ROCK candidate at 3:31: Wilfredo Yau (0.990)
  YOU ROCK found during early-show sweep; moving to next video
  Confirmed YOU ROCK at 3:31
  Bookmark scan: 0 bookmark(s); YOU ROCK matches: 1
[15/372] a4v6pSOsC9c New Commander Staples from All Will Be One? | The Command Zone 514 | Magic The Gathering EDH Podcast
  Chrome is open. If YouTube asks for consent, sign-in, or a bot check, complete it in that window. Pre-roll ads will be allowed to finish.
  Early-show sweep: 1:00 through 8:00; 85 frame(s)
  YOU ROCK candidate at 2:40: Kelly Grisom (0.996)
  YOU ROCK found during early-show sweep; moving to next video
  Confirmed YOU ROCK at 2:40
  Bookmark scan: 0 bookmark(s); YOU ROCK matches: 1
[16/372] 5gL8VKohPF4 The Best Mono-Colored Commanders from All Will Be One | The Command Zone 513 | MTG EDH Podcast
  Early-show sweep: 1:00 through 8:00; 85 frame(s)
  YOU ROCK candidate at 3:16: Danny Mercado (0.995)
  YOU ROCK found during early-show sweep; moving to next video
  Confirmed YOU ROCK at 3:16
  Bookmark scan: 0 bookmark(s); YOU ROCK matches: 1
[17/372] VsVloLR-cgo The Best Multi-Colored Commanders from All Will Be One | The Command Zone 512 | MTG EDH Podcast
  Chrome is open. If YouTube asks for consent, sign-in, or a bot check, complete it in that window. Pre-roll ads will be allowed to finish.
  Early-show sweep: 1:00 through 8:00; 85 frame(s)
  YOU ROCK candidate at 3:43: Thomas Brooks (0.989)
  YOU ROCK found during early-show sweep; moving to next video
  Confirmed YOU ROCK at 3:43
  Bookmark scan: 0 bookmark(s); YOU ROCK matches: 1
[18/372] 21ExoXSsFvU ôCorrupting Influenceö Budget Upgrade Guide - Phyrexia: All Will Be One | The Command Zone 511
  Chrome is open. If YouTube asks for consent, sign-in, or a bot check, complete it in that window. Pre-roll ads will be allowed to finish.
  Early-show sweep: 1:00 through 8:00; 85 frame(s)
  YOU ROCK candidate at 3:35: Stuart King (0.996)
  YOU ROCK found during early-show sweep; moving to next video
  Confirmed YOU ROCK at 3:35
  Bookmark scan: 0 bookmark(s); YOU ROCK matches: 1
[19/372] bTRKPnIKglY The Best New Commanders From Jumpstart 2022 | The Command Zone 505 | Magic Gathering Commander EDH
  Chrome is open. If YouTube asks for consent, sign-in, or a bot check, complete it in that window. Pre-roll ads will be allowed to finish.
  Early-show sweep: 1:00 through 8:00; 85 frame(s)
  YOU ROCK candidate at 3:25: Alvaro Gutierrez (0.991)
  YOU ROCK found during early-show sweep; moving to next video
  Confirmed YOU ROCK at 3:25
  Bookmark scan: 0 bookmark(s); YOU ROCK matches: 1
[20/372] aWoEzXLUppM How to Mulligan | The Command Zone 504 | MTG Commander Podcast
  Chrome is open. If YouTube asks for consent, sign-in, or a bot check, complete it in that window. Pre-roll ads will be allowed to finish.
  Early-show sweep: 1:00 through 8:00; 85 frame(s)
  YOU ROCK candidate at 2:31: Des1redplays (0.986)
  YOU ROCK found during early-show sweep; moving to next video
  Confirmed YOU ROCK at 2:31
  Bookmark scan: 0 bookmark(s); YOU ROCK matches: 1
[21/372] jN4TlMcHZNU Cards That Matter - The Brothers War - In the 99 Analysis | The Command Zone 503 | Magic Commander
  Chrome is open. If YouTube asks for consent, sign-in, or a bot check, complete it in that window. Pre-roll ads will be allowed to finish.
  Early-show sweep: 1:00 through 8:00; 85 frame(s)
  YOU ROCK candidate at 4:47: Casey Mclara (0.991)
  YOU ROCK found during early-show sweep; moving to next video
  Confirmed YOU ROCK at 4:47
  Bookmark scan: 1 bookmark(s); YOU ROCK matches: 1
[22/372] uIgjQVq3LdE Transformers: Decepticon Commanders - The Brothers War | The Command Zone 502 | Magic Commander EDH
  Chrome is open. If YouTube asks for consent, sign-in, or a bot check, complete it in that window. Pre-roll ads will be allowed to finish.
  Early-show sweep: 1:00 through 8:00; 85 frame(s)
  YOU ROCK candidate at 3:12: Dallas Roberts (0.985)
  YOU ROCK found during early-show sweep; moving to next video
  Confirmed YOU ROCK at 3:12
  Bookmark scan: 0 bookmark(s); YOU ROCK matches: 1
[23/372] 2qYRuxQWcKU How Good Are the Meld Commanders? | The Brothers' War | The Command Zone 500 | Magic Commander EDH
  Early-show sweep: 1:00 through 8:00; 85 frame(s)
  YOU ROCK candidate at 5:15: Brian Praamsma (0.992)
  YOU ROCK found during early-show sweep; moving to next video
  Confirmed YOU ROCK at 5:15
  Bookmark scan: 0 bookmark(s); YOU ROCK matches: 1
[24/372] DTRoxd-RS-8 The BrothersÆ War - The Best Multi-Colored Commanders | The Command Zone 499 | Magic Commander EDH
  Chrome is open. If YouTube asks for consent, sign-in, or a bot check, complete it in that window. Pre-roll ads will be allowed to finish.
  Early-show sweep: 1:00 through 8:00; 85 frame(s)
  YOU ROCK candidate at 3:11: David Petracca (0.989)
  YOU ROCK found during early-show sweep; moving to next video
  Confirmed YOU ROCK at 3:11
  Bookmark scan: 0 bookmark(s); YOU ROCK matches: 1
[25/372] 1zoGTCrQmuk Our Favorite Unfinity Cards | The Command Zone 496 | Magic Commander EDH
  Early-show sweep: 1:00 through 8:00; 85 frame(s)
  YOU ROCK candidate at 4:06: Robby Sarson (0.999)
  YOU ROCK found during early-show sweep; moving to next video
  Confirmed YOU ROCK at 4:06
  Bookmark scan: 0 bookmark(s); YOU ROCK matches: 1
[26/372] y6vfTRAs63o Playing Competitive w/ Cassius Marsh | The Command Zone 480 | Magic: The Gathering EDH
  Chrome is open. If YouTube asks for consent, sign-in, or a bot check, complete it in that window. Pre-roll ads will be allowed to finish.
  Early-show sweep: 1:00 through 8:00; 85 frame(s)
  YOU ROCK candidate at 2:28: Karac Rooney Ii (0.954)
  YOU ROCK found during early-show sweep; moving to next video
  Confirmed YOU ROCK at 2:28
  Bookmark scan: 8 bookmark(s); YOU ROCK matches: 1
[27/372] jH-0XjETyMM Crimson Vow - Best Multi-Colored Commanders | The Command Zone 429 | Magic: The Gathering EDH
  Chrome is open. If YouTube asks for consent, sign-in, or a bot check, complete it in that window. Pre-roll ads will be allowed to finish.
  Early-show sweep: 1:00 through 8:00; 85 frame(s)
  Scanned 60/85 early-show sweep frame(s)...
  Description bookmarks: 16; checking all 16 eligible chapter(s); scanning 112 additional frame(s)
  Scanned 60/112 chapter sweep frame(s)...
  Bookmark scan: 16 bookmark(s); YOU ROCK matches: 0
[28/372] GKNcCw6_Ju8 Midnight Hunt - In the 99 Analysis | The Command Zone 425 | Magic: The Gathering Commander EDH
  Chrome is open. If YouTube asks for consent, sign-in, or a bot check, complete it in that window. Pre-roll ads will be allowed to finish.
  Early-show sweep: 1:00 through 8:00; 85 frame(s)
  YOU ROCK candidate at 4:15: Elias Schenk (0.992)
  YOU ROCK found during early-show sweep; moving to next video
  Confirmed YOU ROCK at 4:15
  Bookmark scan: 23 bookmark(s); YOU ROCK matches: 1
[29/372] OvWv7Os9kg4 MH2 - Blue & Colorless Review | The Command Zone 402 | Magic: The Gathering EDH
  Chrome is open. If YouTube asks for consent, sign-in, or a bot check, complete it in that window. Pre-roll ads will be allowed to finish.
  Early-show sweep: 1:00 through 8:00; 85 frame(s)
  YOU ROCK candidate at 3:01: Denton Yorkirons (0.980)
  YOU ROCK found during early-show sweep; moving to next video
  Confirmed YOU ROCK at 3:01
  Bookmark scan: 0 bookmark(s); YOU ROCK matches: 1
[30/372] eaNjXcAqCAY How to Play Commander | The Command Zone 400 | Magic: The Gathering EDH
  Early-show sweep: 1:00 through 8:00; 85 frame(s)
  Scanned 60/85 early-show sweep frame(s)...
  No eligible description chapters remained after the early-show sweep.
  Bookmark scan: 0 bookmark(s); YOU ROCK matches: 0
[31/372] 4_8Y_hxCADw Best New Solo Commanders from CMR (Part 1) | The Command Zone 359 | Magic: The Gathering EDH
  Chrome is open. If YouTube asks for consent, sign-in, or a bot check, complete it in that window. Pre-roll ads will be allowed to finish.
  Early-show sweep: 1:00 through 8:00; 85 frame(s)
  YOU ROCK candidate at 4:29: Verita Raizel (0.987)
  YOU ROCK found during early-show sweep; moving to next video
  Confirmed YOU ROCK at 4:29
  Bookmark scan: 16 bookmark(s); YOU ROCK matches: 1
[32/372] -NWmnh19toU Halloween Hot Takes | The Command Zone 356 | Magic: The Gathering Commander / EDH
  Early-show sweep: 1:00 through 8:00; 85 frame(s)
  YOU ROCK candidate at 2:55: Daniel Jarabah (0.996)
  YOU ROCK found during early-show sweep; moving to next video
  Confirmed YOU ROCK at 2:55
  Bookmark scan: 8 bookmark(s); YOU ROCK matches: 1
[33/372] yP1K9p33g0w The Best New Commanders from Zendikar Rising | The Command Zone 350 | Magic: The Gathering EDH
  Chrome is open. If YouTube asks for consent, sign-in, or a bot check, complete it in that window. Pre-roll ads will be allowed to finish.
  Early-show sweep: 1:00 through 8:00; 85 frame(s)
  YOU ROCK candidate at 3:52: Wyatt Drake (0.994)
  YOU ROCK found during early-show sweep; moving to next video
  Confirmed YOU ROCK at 3:52
  Bookmark scan: 0 bookmark(s); YOU ROCK matches: 1
[34/372] rEVzq9BFAVI Rogue Tribal "Sneak Attack" Budget Upgrade Guide | The Command Zone 349 | Magic: The Gathering EDH
  Chrome is open. If YouTube asks for consent, sign-in, or a bot check, complete it in that window. Pre-roll ads will be allowed to finish.
  Early-show sweep: 1:00 through 8:00; 85 frame(s)
  YOU ROCK candidate at 4:21: Jonas Turner (0.958)
  YOU ROCK found during early-show sweep; moving to next video
  Confirmed YOU ROCK at 4:21
  Bookmark scan: 0 bookmark(s); YOU ROCK matches: 1
[35/372] DuasEh88Rxc The Mulan Episode! Deck Tech + Giveaways | The Command Zone 346 | Magic: The Gathering Commander
  Chrome is open. If YouTube asks for consent, sign-in, or a bot check, complete it in that window. Pre-roll ads will be allowed to finish.
  Early-show sweep: 1:00 through 8:00; 85 frame(s)
  Scanned 60/85 early-show sweep frame(s)...
  YOU ROCK candidate at 6:56: Andreas M Ni (0.985)
  YOU ROCK found during early-show sweep; moving to next video
  Confirmed YOU ROCK at 6:56
  Bookmark scan: 8 bookmark(s); YOU ROCK matches: 1
[36/372] bACV94alOuM Stopping the Opponent from Winning | The Command Zone 345 | Magic: The Gathering Commander EDH
  Chrome is open. If YouTube asks for consent, sign-in, or a bot check, complete it in that window. Pre-roll ads will be allowed to finish.
  Early-show sweep: 1:00 through 8:00; 85 frame(s)
  Scanned 60/85 early-show sweep frame(s)...
  YOU ROCK candidate at 7:25: Marcos Luevano (0.991)
  YOU ROCK found during early-show sweep; moving to next video
  Confirmed YOU ROCK at 7:25
  Bookmark scan: 8 bookmark(s); YOU ROCK matches: 1
[37/372] HjzPu9FLVmo How To Make Your Decks Unique | The Command Zone 344 | Magic: The Gathering Commander EDH
  Chrome is open. If YouTube asks for consent, sign-in, or a bot check, complete it in that window. Pre-roll ads will be allowed to finish.
  Early-show sweep: 1:00 through 8:00; 85 frame(s)
  YOU ROCK candidate at 5:04: Levi Hamer (0.991)
  YOU ROCK found during early-show sweep; moving to next video
  Confirmed YOU ROCK at 5:04
  Bookmark scan: 7 bookmark(s); YOU ROCK matches: 1
[38/372] L57DvLqmxLw The Complete Guide to Card Draw | The Command Zone 343 | Magic: The Gathering Commander EDH
  Chrome is open. If YouTube asks for consent, sign-in, or a bot check, complete it in that window. Pre-roll ads will be allowed to finish.
  Early-show sweep: 1:00 through 8:00; 85 frame(s)
  YOU ROCK candidate at 3:59: Alison Wilcox (0.994)
  YOU ROCK found during early-show sweep; moving to next video
  Confirmed YOU ROCK at 3:59
  Bookmark scan: 8 bookmark(s); YOU ROCK matches: 1
[39/372] kNMs32ahSE4 Double Masters Preview Card(s) + Extra Turns Game Analysis  | The Command Zone 342 | Magic EDH
  Chrome is open. If YouTube asks for consent, sign-in, or a bot check, complete it in that window. Pre-roll ads will be allowed to finish.
  Early-show sweep: 1:00 through 8:00; 85 frame(s)
  YOU ROCK candidate at 3:04: Samuel Mcleod (0.987)
  YOU ROCK found during early-show sweep; moving to next video
  Confirmed YOU ROCK at 3:04
  Bookmark scan: 6 bookmark(s); YOU ROCK matches: 1
[40/372] pDT-4-mDkjo The Truth About Working With WotC - Commander Convos: The Professor | The Command Zone 341 | Magic
  Early-show sweep: 1:00 through 8:00; 85 frame(s)
  Bookmark scan error: Timed out while seeking YouTube video to 60.0s; last video state: {'currentTime': 90.427544, 'duration': 4197.001, 'readyState': 4, 'networkState': 2, 'paused': False, 'seeking': False, 'ended': False, 'src': 'blob:https://www.youtube.com/c60956fe-a919-452b-ab98-a82c61a9b89d', 'adShowing': False}
[41/372] CCwAv0yg8is Jumpstart: Most Powerful Cards | The Command Zone 340 | Magic: The Gathering Commander / EDH
  Chrome is open. If YouTube asks for consent, sign-in, or a bot check, complete it in that window. Pre-roll ads will be allowed to finish.
  Early-show sweep: 1:00 through 8:00; 85 frame(s)
  YOU ROCK candidate at 3:28: Taylor Safford (0.999)
  YOU ROCK found during early-show sweep; moving to next video
  Confirmed YOU ROCK at 3:28
  Bookmark scan: 0 bookmark(s); YOU ROCK matches: 1
[42/372] YmQkZfi5WxI The Best New Commanders from Jumpstart | The Command Zone 339 | Magic: The Gathering EDH
  Chrome is open. If YouTube asks for consent, sign-in, or a bot check, complete it in that window. Pre-roll ads will be allowed to finish.
  Early-show sweep: 1:00 through 8:00; 85 frame(s)
  YOU ROCK candidate at 3:28: Heather Phelps (0.992)
  YOU ROCK found during early-show sweep; moving to next video
  Confirmed YOU ROCK at 3:28
  Bookmark scan: 7 bookmark(s); YOU ROCK matches: 1
[43/372] s--h9IItl8g M21 Set Review - Part Two | The Command Zone 338 | Magic: The Gathering Commander
  Chrome is open. If YouTube asks for consent, sign-in, or a bot check, complete it in that window. Pre-roll ads will be allowed to finish.
  Early-show sweep: 1:00 through 8:00; 85 frame(s)
  YOU ROCK candidate at 3:36: Jayden Holley (0.972)
  YOU ROCK found during early-show sweep; moving to next video
  Confirmed YOU ROCK at 3:36
  Bookmark scan: 7 bookmark(s); YOU ROCK matches: 1
[44/372] _RyEzaHThrY M21 Set Review - Part One | The Command Zone 337 | Magic: The Gathering Commander
  Early-show sweep: 1:00 through 8:00; 85 frame(s)
  YOU ROCK candidate at 3:34: Kyle Carrasco (0.998)
  YOU ROCK found during early-show sweep; moving to next video
  Confirmed YOU ROCK at 3:34
  Bookmark scan: 7 bookmark(s); YOU ROCK matches: 1
[45/372] T2sFaOgxNhQ The Best New Commanders from M21 | The Command Zone 336 | Magic: The Gathering EDH
  Chrome is open. If YouTube asks for consent, sign-in, or a bot check, complete it in that window. Pre-roll ads will be allowed to finish.
  Early-show sweep: 1:00 through 8:00; 85 frame(s)
  YOU ROCK candidate at 4:05: Karl Isensee (0.988)
  YOU ROCK found during early-show sweep; moving to next video
  Confirmed YOU ROCK at 4:05
  Bookmark scan: 5 bookmark(s); YOU ROCK matches: 1
[46/372] Pr91Crzl7DI Commander Mythbusters | The Command Zone 335 | Magic: The Gathering Commander
  Chrome is open. If YouTube asks for consent, sign-in, or a bot check, complete it in that window. Pre-roll ads will be allowed to finish.
  Early-show sweep: 1:00 through 8:00; 85 frame(s)
  YOU ROCK candidate at 4:01: Austin Breyman (0.996)
  YOU ROCK found during early-show sweep; moving to next video
  Confirmed YOU ROCK at 4:01
  Bookmark scan: 7 bookmark(s); YOU ROCK matches: 1
[47/372] k70ZbiSC44w Major Rules Change - Commander Dies Triggers | The Command Zone 334 | Magic: The Gathering
  Chrome is open. If YouTube asks for consent, sign-in, or a bot check, complete it in that window. Pre-roll ads will be allowed to finish.
  Early-show sweep: 1:00 through 8:00; 85 frame(s)
  Scanned 60/85 early-show sweep frame(s)...
  No eligible description chapters remained after the early-show sweep.
  Bookmark scan: 0 bookmark(s); YOU ROCK matches: 0
[48/372] MkukDIHnrBk M21 Preview Card - Chromatic Orrery | The Command Zone 333 | Magic: The Gathering Commander
  Chrome is open. If YouTube asks for consent, sign-in, or a bot check, complete it in that window. Pre-roll ads will be allowed to finish.
  Early-show sweep: 1:00 through 8:00; 85 frame(s)
  Bookmark scan error: Timed out while seeking YouTube video to 170.0s; last video state: {'currentTime': 202.371834, 'duration': 1901.681, 'readyState': 4, 'networkState': 2, 'paused': False, 'seeking': False, 'ended': False, 'src': 'blob:https://www.youtube.com/8f961adb-6025-497a-a937-69e8e22260b2', 'adShowing': False}
[49/372] 5hPU1eNxWis Should WotC Print Problematic Cards? | The Command Zone 332 | Magic: The Gathering Commander
  Chrome is open. If YouTube asks for consent, sign-in, or a bot check, complete it in that window. Pre-roll ads will be allowed to finish.
  Early-show sweep: 1:00 through 8:00; 85 frame(s)
  YOU ROCK candidate at 4:24: Chris Doucette (0.985)
  YOU ROCK found during early-show sweep; moving to next video
  Confirmed YOU ROCK at 4:24
  Bookmark scan: 7 bookmark(s); YOU ROCK matches: 1
[50/372] rtfqJjLbADA Pako & Haldan - Budget Deck Tech | The Command Zone 331 | Magic: The Gathering Commander
  Early-show sweep: 1:00 through 8:00; 85 frame(s)
  YOU ROCK candidate at 4:37: Rowdy Gray (0.989)
  YOU ROCK found during early-show sweep; moving to next video
  Confirmed YOU ROCK at 4:37
  Bookmark scan: 0 bookmark(s); YOU ROCK matches: 1
[51/372] _U8YEzosz2E Obosh - Deck Tech | The Command Zone 330 | Magic: The Gathering Commander / EDH
  Chrome is open. If YouTube asks for consent, sign-in, or a bot check, complete it in that window. Pre-roll ads will be allowed to finish.
  Early-show sweep: 1:00 through 8:00; 85 frame(s)
  YOU ROCK candidate at 3:59: Shannon Pilato (0.995)
  YOU ROCK found during early-show sweep; moving to next video
  Confirmed YOU ROCK at 3:59
  Bookmark scan: 0 bookmark(s); YOU ROCK matches: 1
[52/372] 51IvO2U_WKA Ikoria: Lair of Behemoths - Set Review | The Command Zone 329 | Magic: The Gathering Commander
  Early-show sweep: 1:00 through 8:00; 85 frame(s)
  Bookmark scan error: Timed out while seeking YouTube video to 60.0s; last video state: {'currentTime': 88.888391, 'duration': 8255.061, 'readyState': 4, 'networkState': 2, 'paused': False, 'seeking': False, 'ended': False, 'src': 'blob:https://www.youtube.com/c5cd6df0-81d9-48a3-9ad2-144bf04a5644', 'adShowing': False}
[53/372] EncOrEf2fxU The Best New Commanders from Ikoria | The Command Zone 328 | Magic: The Gathering Commander
  Chrome is open. If YouTube asks for consent, sign-in, or a bot check, complete it in that window. Pre-roll ads will be allowed to finish.
  Early-show sweep: 1:00 through 8:00; 85 frame(s)
  YOU ROCK candidate at 2:48: Phillip Mccreless (0.983)
  YOU ROCK found during early-show sweep; moving to next video
  Confirmed YOU ROCK at 2:48
  Bookmark scan: 7 bookmark(s); YOU ROCK matches: 1
[54/372] vHNqIjxMYhQ Ikoria - New Mechanics & Rules Breakdown | The Command Zone 327 | Magic: The Gathering Commander
  Early-show sweep: 1:00 through 8:00; 85 frame(s)
  YOU ROCK candidate at 3:22: Tyler Metully-stone (0.994)
  YOU ROCK found during early-show sweep; moving to next video
  Confirmed YOU ROCK at 3:22
  Bookmark scan: 3 bookmark(s); YOU ROCK matches: 1
[55/372] 5aXNLpibQIs C20 - New Card Analysis | The Command Zone 326 | Magic: The Gathering Commander
  Chrome is open. If YouTube asks for consent, sign-in, or a bot check, complete it in that window. Pre-roll ads will be allowed to finish.
  Early-show sweep: 1:00 through 8:00; 85 frame(s)
  YOU ROCK candidate at 3:20: Kyle Carrasco (0.989)
  YOU ROCK found during early-show sweep; moving to next video
  Confirmed YOU ROCK at 3:20
  Bookmark scan: 7 bookmark(s); YOU ROCK matches: 1
[56/372] q5nF14sk_X8 The Best New Commanders from C20 | The Command Zone 325 | Magic: The Gathering Commander
  Chrome is open. If YouTube asks for consent, sign-in, or a bot check, complete it in that window. Pre-roll ads will be allowed to finish.
  Early-show sweep: 1:00 through 8:00; 85 frame(s)
  YOU ROCK candidate at 3:15: Hank Newton (0.997)
  YOU ROCK found during early-show sweep; moving to next video
  Confirmed YOU ROCK at 3:15
  Bookmark scan: 8 bookmark(s); YOU ROCK matches: 1
[57/372] 9Y5Wms1gMaA Abzan Ability Counters - Precon Upgrade Guide | C20 | The Command Zone 324 | Magic: The Gathering
  Chrome is open. If YouTube asks for consent, sign-in, or a bot check, complete it in that window. Pre-roll ads will be allowed to finish.
  Early-show sweep: 1:00 through 8:00; 85 frame(s)
  YOU ROCK candidate at 3:34: Ethan Pie (0.949)
  YOU ROCK found during early-show sweep; moving to next video
  Confirmed YOU ROCK at 3:34
  Bookmark scan: 7 bookmark(s); YOU ROCK matches: 1
[58/372] oMCG4vAIGLs Sultai Mutate - Precon Upgrade Guide | C20 | The Command Zone 323 | Magic: The Gathering EDH
  Early-show sweep: 1:00 through 8:00; 85 frame(s)
  Bookmark scan error: Timed out while seeking YouTube video to 120.0s; last video state: {'currentTime': 135.28, 'duration': 3723.241, 'readyState': 4, 'networkState': 2, 'paused': False, 'seeking': False, 'ended': False, 'src': 'blob:https://www.youtube.com/36ca7061-9d30-446d-bd97-83bd04884228', 'adShowing': False}
[59/372] z_Ac-5U6VLE Jeskai Cycling - Precon Upgrade Guide | C20 | The Command Zone 322 | Magic: The Gathering EDH
  Early-show sweep: 1:00 through 8:00; 85 frame(s)
  Bookmark scan error: Timed out while seeking YouTube video to 60.0s; last video state: {'currentTime': 88.294087, 'duration': 3923.061, 'readyState': 4, 'networkState': 2, 'paused': False, 'seeking': False, 'ended': False, 'src': 'blob:https://www.youtube.com/3fff47e1-a791-456b-973d-9612fb61d227', 'adShowing': False}
[60/372] owkJUTvc1tQ Mardu Humans- Precon Upgrade Guide | C20 | The Command Zone 321 | Magic: The Gathering EDH
  Chrome is open. If YouTube asks for consent, sign-in, or a bot check, complete it in that window. Pre-roll ads will be allowed to finish.
  Early-show sweep: 1:00 through 8:00; 85 frame(s)
  YOU ROCK candidate at 3:54: Josh Garza (0.998)
  YOU ROCK found during early-show sweep; moving to next video
  Confirmed YOU ROCK at 3:54
  Bookmark scan: 7 bookmark(s); YOU ROCK matches: 1
[61/372] VzcVuJ4ZWtk Temur Instants Matter - Precon Upgrade Guide | C20 | The Command Zone 320 | Magic: The Gathering
  Early-show sweep: 1:00 through 8:00; 85 frame(s)
  Bookmark scan error: Timed out while seeking YouTube video to 210.0s; last video state: {'currentTime': 229.58, 'duration': 4024.421, 'readyState': 4, 'networkState': 2, 'paused': False, 'seeking': False, 'ended': False, 'src': 'blob:https://www.youtube.com/0b1adceb-c442-4001-ac3e-2b585c07fff7', 'adShowing': False}
[62/372] ci414DwWh9o JESKAI CYCLING "Timeless Wisdom" C20 Full Deck Reveal | The Command Zone 319 | Magic: The Gathering
  Chrome is open. If YouTube asks for consent, sign-in, or a bot check, complete it in that window. Pre-roll ads will be allowed to finish.
  Early-show sweep: 1:00 through 8:00; 85 frame(s)
  Bookmark scan error: Locator.screenshot: Timeout 179969ms exceeded.
Call log:
  - taking element screenshot
  - waiting for fonts to load...
  - fonts loaded
  - attempting scroll into view action
    - waiting for element to be stable

[63/372] UgdCRi_g5ik C20 Ikoria Commander Preview Card(s) | The Command Zone 318 | Magic: The Gathering Commander / EDH
  Early-show sweep: 1:00 through 8:00; 85 frame(s)
  Bookmark scan error: Locator.evaluate: Timeout 180000ms exceeded.
Call log:
  - waiting for locator("video").first

[64/372] TZ9sg25tiW0 Ikoria Preview Card - Valiant Rescuer | The Command Zone 317 | Magic: The Gathering Commander / EDH
  Chrome is open. If YouTube asks for consent, sign-in, or a bot check, complete it in that window. Pre-roll ads will be allowed to finish.
  Early-show sweep: 1:00 through 8:00; 85 frame(s)
  Bookmark scan error: Timed out while seeking YouTube video to 70.0s; last video state: {'currentTime': 97.568515, 'duration': 1206.521, 'readyState': 4, 'networkState': 2, 'paused': False, 'seeking': False, 'ended': False, 'src': 'blob:https://www.youtube.com/85e77388-b0f6-4c21-8c10-1b095fd748ed', 'adShowing': False}
[65/372] sA2ibLn2H1g The Most Fun Commanders to Play Against | The Command Zone 316 | Magic Gathering Commander EDH
  Chrome is open. If YouTube asks for consent, sign-in, or a bot check, complete it in that window. Pre-roll ads will be allowed to finish.
  Early-show sweep: 1:00 through 8:00; 85 frame(s)
  Bookmark scan error: Locator.screenshot: Timeout 179969ms exceeded.
Call log:
  - taking element screenshot
  - waiting for fonts to load...
  - fonts loaded
  - attempting scroll into view action
    - waiting for element to be stable

[66/372] pnRVojgNVmk The Worst Commanders to Play Against I The Command Zone 315 Magic: the Gathering Commander / EDH
  Chrome is open. If YouTube asks for consent, sign-in, or a bot check, complete it in that window. Pre-roll ads will be allowed to finish.
  Early-show sweep: 1:00 through 8:00; 85 frame(s)
  Bookmark scan error: Locator.screenshot: Timeout 179985ms exceeded.
Call log:
  - taking element screenshot
  - waiting for fonts to load...
  - fonts loaded
  - attempting scroll into view action
    - waiting for element to be stable

[67/372] _PVlG0XcSz0 Proxies, Reprints  and Politics Gone Wrong I The Command Zone 314 I Magic: the Gathering Commander
  Chrome is open. If YouTube asks for consent, sign-in, or a bot check, complete it in that window. Pre-roll ads will be allowed to finish.
  Early-show sweep: 1:00 through 8:00; 85 frame(s)
  Bookmark scan error: Locator.screenshot: Timeout 179954ms exceeded.
Call log:
  - taking element screenshot
  - waiting for fonts to load...
  - fonts loaded
  - attempting scroll into view action
    - waiting for element to be stable

[68/372] pSbtkO4Pwk8 The Casual vs Competitive Debate w/ Kyle Hill I The Command Zone 313 I Magic: the Gathering
  Early-show sweep: 1:00 through 8:00; 85 frame(s)
  Bookmark scan error: Locator.screenshot: Timeout 179984ms exceeded.
Call log:
  - taking element screenshot
  - waiting for fonts to load...
  - fonts loaded
  - attempting scroll into view action
    - waiting for element to be stable

[69/372] QMy1K2hQ15M Learn from Our Mistakes I The Command Zone 312 I Magic: the Gathering Commander / EDH
  Early-show sweep: 1:00 through 8:00; 85 frame(s)
  Bookmark scan error: Locator.screenshot: Timeout 179953ms exceeded.
Call log:
  - taking element screenshot
  - waiting for fonts to load...
  - fonts loaded
  - attempting scroll into view action
    - waiting for element to be stable
