[1/50] l-fyZMOHJsU The New, NEW Commander Brackets | The Command Zone 705 | MTG EDH Magic Gathering
  Description bookmarks: 8; checking first 3 chapter(s); scanning 30 unique second(s)
  Ignoring YOU ROCK at 13:45: no Patreon URL was detected shortly before it.
  Bookmark scan: 8 bookmark(s); YOU ROCK matches: 0
[2/50] OkkOanLxLNA The 10 Best Colorless Cards for just $10 | The Command Zone 704 | MTG EDH Magic Gathering
  Chrome is open. If YouTube asks for consent, sign-in, or a bot check, complete it in that window. Pre-roll ads will be allowed to finish.
  Description bookmarks: 12; checking first 3 chapter(s); scanning 30 unique second(s)
  Ignoring YOU ROCK at 13:54: no Patreon URL was detected shortly before it.
  Bookmark scan: 12 bookmark(s); YOU ROCK matches: 0
[3/50] Q6gZ3OHqTcc We Draft the Best Game Changers | The Command Zone 703 | MTG EDH Magic Gathering
  Description bookmarks: 9; checking first 3 chapter(s); scanning 30 unique second(s)
  Patreon URL at 5:09 before 5:39
  Bookmark scan: 9 bookmark(s); YOU ROCK matches: 0
[4/50] hHrjnIpiU74 What are we even doing? | The Command Zone 702 | Magic: The Gathering Commander MTG Universes Beyond
  Description bookmarks: 12; checking first 3 chapter(s); scanning 30 unique second(s)
  Bookmark scan: 12 bookmark(s); YOU ROCK matches: 0
[5/50] Nu8bL0cCLkA Our Favorite NEW Decks | The Command Zone 701 | Magic: The Gathering Commander MTG
  Description bookmarks: 12; checking first 3 chapter(s); scanning 30 unique second(s)
  Patreon URL at 26:31 before 27:16
  YOU ROCK candidate at 27:11: Jordan Travers (0.966); moving to next video
  Confirmed sequence: Patreon at 27:06 -> YOU ROCK at 27:11
  Bookmark scan: 12 bookmark(s); YOU ROCK matches: 1
[6/50] ZTw7phD0_Mc The Complete Guide to Mass Disruption | The Command Zone 700 | MTG EDH Magic Gathering
  Chrome is open. If YouTube asks for consent, sign-in, or a bot check, complete it in that window. Pre-roll ads will be allowed to finish.
  Description bookmarks: 15; checking first 3 chapter(s); scanning 30 unique second(s)
  Bookmark scan: 15 bookmark(s); YOU ROCK matches: 0
[7/50] agL2LV596Kc 4x Awesome Spider-Man Commander Decks to Build Right Now | The Command Zone 699 | MTG Magic
  Chrome is open. If YouTube asks for consent, sign-in, or a bot check, complete it in that window. Pre-roll ads will be allowed to finish.
  Description bookmarks: 6; checking first 3 chapter(s); scanning 30 unique second(s)
  Patreon URL at 16:58 before 17:43
  YOU ROCK candidate at 17:28: Brian Miller (0.887); moving to next video
  Confirmed sequence: Patreon at 17:23 -> YOU ROCK at 17:28
  Bookmark scan: 6 bookmark(s); YOU ROCK matches: 1
[8/50] KMYOoWD3UN4 Spider-ManÆs Best Cards (In the 99) | The Command Zone 698 | MTG EDH Magic Commander
  Description bookmarks: 31; checking first 3 chapter(s); scanning 30 unique second(s)
  Bookmark scan error: Timed out while seeking YouTube video to 69.0s; last video state: {'currentTime': 98.493537, 'duration': 7205.781, 'readyState': 4, 'networkState': 2, 'paused': False, 'seeking': False, 'ended': False, 'src': 'blob:https://www.youtube.com/02765a99-fd70-4f77-ae36-03e2d2e438a2', 'adShowing': False}
[9/50] TXHP1X6mN9k Spider-ManÆs Most Powerful Commanders | The Command Zone 697 | MTG EDH Magic Gathering
  Description bookmarks: 17; checking first 3 chapter(s); scanning 30 unique second(s)
  Bookmark scan: 17 bookmark(s); YOU ROCK matches: 0
[10/50] aLNJ9JEWFaw BROKEN NEWS: New Spider-Man Villain ALWAYS has Blue Mana Open | The Command Zone 696 | MTG EDH Magic
  Chrome is open. If YouTube asks for consent, sign-in, or a bot check, complete it in that window. Pre-roll ads will be allowed to finish.
  Description bookmarks: 7; checking first 3 chapter(s); scanning 30 unique second(s)
  Patreon URL at 9:07 before 9:52
  YOU ROCK candidate at 9:47: Rick Price (0.968); moving to next video
  Confirmed sequence: Patreon at 9:32 -> YOU ROCK at 9:47
  Bookmark scan: 7 bookmark(s); YOU ROCK matches: 1
[11/50] ARaFN9tFTGA JLKÆs Personal Commander Decks | The Command Zone 695 | Magic: The Gathering Magic MTG EDH
  Description bookmarks: 30; checking first 3 chapter(s); scanning 30 unique second(s)
  Bookmark scan: 30 bookmark(s); YOU ROCK matches: 0
[12/50] mfZ58jxjqds The Best Commander in All 32 Color Combos | The Command Zone 694 | MTG Magic: The Gathering EDH
  Chrome is open. If YouTube asks for consent, sign-in, or a bot check, complete it in that window. Pre-roll ads will be allowed to finish.
  Description bookmarks: 35; checking first 3 chapter(s); scanning 30 unique second(s)
  Bookmark scan: 35 bookmark(s); YOU ROCK matches: 0
[13/50] Xm3e_f6XzV8 10 Utility Lands You Should Buy for $10 | The Command Zone 693 | MTG EDH Magic Gathering
  Description bookmarks: 12; checking first 3 chapter(s); scanning 30 unique second(s)
  Ignoring YOU ROCK at 12:38: no Patreon URL was detected shortly before it.
  Ignoring YOU ROCK at 12:43: no Patreon URL was detected shortly before it.
  Bookmark scan: 12 bookmark(s); YOU ROCK matches: 0
[14/50] hue9ZWRMaYo How to BEAT Green Decks w/ Brian Kibler | The Command Zone 692 | MTG EDH Magic Gathering @bmkibler
  Chrome is open. If YouTube asks for consent, sign-in, or a bot check, complete it in that window. Pre-roll ads will be allowed to finish.
  Description bookmarks: 15; checking first 3 chapter(s); scanning 30 unique second(s)
  Bookmark scan: 15 bookmark(s); YOU ROCK matches: 0
[15/50] qtML-Alod6A Why Commander SUCKS Sometimes | The Command Zone 691 | MTG EDH Magic Gathering
  Chrome is open. If YouTube asks for consent, sign-in, or a bot check, complete it in that window. Pre-roll ads will be allowed to finish.
  Description bookmarks: 11; checking first 3 chapter(s); scanning 30 unique second(s)
  Ignoring YOU ROCK at 14:48: no Patreon URL was detected shortly before it.
  Ignoring YOU ROCK at 14:53: no Patreon URL was detected shortly before it.
  Bookmark scan: 11 bookmark(s); YOU ROCK matches: 0
[16/50] I6kd3ggg81w When Your Deck is Too Good (But Also Too Bad) | The Command Zone 690 | MTG EDH Magic Gathering
  Description bookmarks: 10; checking first 3 chapter(s); scanning 30 unique second(s)
  Patreon URL at 8:47 before 9:32
  YOU ROCK candidate at 9:02: Jade Eyes (0.949); moving to next video
  Confirmed sequence: Patreon at 8:52 -> YOU ROCK at 9:02
  Bookmark scan: 10 bookmark(s); YOU ROCK matches: 1
[17/50] 0M_l2efjTys 10 Disruption Spells You Should Buy for $10 | The Command Zone 689 | MTG EDH Magic Gathering
  Chrome is open. If YouTube asks for consent, sign-in, or a bot check, complete it in that window. Pre-roll ads will be allowed to finish.
  Description bookmarks: 12; checking first 3 chapter(s); scanning 30 unique second(s)
  Bookmark scan: 12 bookmark(s); YOU ROCK matches: 0
[18/50] eMmY2at6oL8 Edge of EternitiesÆs Best Cards (In the 99) | The Command Zone 688 | MTG EDH Magic Gathering
  Description bookmarks: 25; checking first 3 chapter(s); scanning 30 unique second(s)
  Bookmark scan: 25 bookmark(s); YOU ROCK matches: 0
[19/50] ys0pgB72LIk Most Powerful Commanders in Edge of Eternities | The Command Zone 687 | MTG EDH Magic Gathering
  Description bookmarks: 15; checking first 3 chapter(s); scanning 30 unique second(s)
  Patreon URL at 12:56 before 13:31
  YOU ROCK candidate at 13:21: Clem Healy (0.996); moving to next video
  Confirmed sequence: Patreon at 13:16 -> YOU ROCK at 13:21
  Bookmark scan: 15 bookmark(s); YOU ROCK matches: 1
[20/50] 0xOXEYmbDnk ôCounter Intelligenceö Precon Upgrade | Edge of Eternities | The Command Zone 686 | Magic Commander
  Description bookmarks: 4; checking first 3 chapter(s); scanning 26 unique second(s)
  Patreon URL at 7:36 before 8:21
  YOU ROCK candidate at 7:56: Drago Duncan (0.997); moving to next video
  Confirmed sequence: Patreon at 7:51 -> YOU ROCK at 7:56
  Bookmark scan: 4 bookmark(s); YOU ROCK matches: 1
[21/50] HxXLWC_JRdM ôWorld Shaperö Full Deck Reveal & Upgrade | Edge of Eternities | The Command Zone 685 | MTG Magic
  Description bookmarks: 13; checking first 3 chapter(s); scanning 30 unique second(s)
  Bookmark scan error: Locator.screenshot: Timeout 179969ms exceeded.
Call log:
  - taking element screenshot
  - waiting for fonts to load...
  - fonts loaded
  - attempting scroll into view action
    - waiting for element to be stable

[22/50] 3qeyIICCcqQ You're Doing Commander Politics Wrong | The Command Zone 684 | MTG Magic The Gathering EDH
  Chrome is open. If YouTube asks for consent, sign-in, or a bot check, complete it in that window. Pre-roll ads will be allowed to finish.
  Description bookmarks: 17; checking first 3 chapter(s); scanning 30 unique second(s)
  Bookmark scan error: Locator.screenshot: Timeout 179969ms exceeded.
Call log:
  - taking element screenshot
  - waiting for fonts to load...
  - fonts loaded
  - attempting scroll into view action
    - waiting for element to be stable

[23/50] 8uxFeTgcEQY The Best Token Commanders | The Command Zone 683 | MTG EDH Magic Gathering
  Chrome is open. If YouTube asks for consent, sign-in, or a bot check, complete it in that window. Pre-roll ads will be allowed to finish.
  Description bookmarks: 7; checking first 3 chapter(s); scanning 30 unique second(s)
  Bookmark scan error: Locator.screenshot: Timeout 179954ms exceeded.
Call log:
  - taking element screenshot
  - waiting for fonts to load...
  - fonts loaded
  - attempting scroll into view action
    - waiting for element to be stable

[24/50] ioB2d5WW1f8 Are These Commander Staples Worth It? | The Command Zone 682 | MTG EDH Magic Gathering
  Chrome is open. If YouTube asks for consent, sign-in, or a bot check, complete it in that window. Pre-roll ads will be allowed to finish.
  Description bookmarks: 21; checking first 3 chapter(s); scanning 30 unique second(s)
  Bookmark scan error: Timed out while seeking YouTube video to 35.0s; last video state: {'currentTime': 56.743246, 'duration': 5106.041, 'readyState': 4, 'networkState': 2, 'paused': False, 'seeking': False, 'ended': False, 'src': 'blob:https://www.youtube.com/ec439962-f780-4f7c-b761-2c689d05ce68', 'adShowing': False}
[25/50] im_5XbHu4-U We Draft the BIGGEST SPLASHY SORCERIES | The Command Zone 681 | MTG Magic Gathering Commander EDH
  Bookmark scan error: No description bookmarks at or after 1:00 were available to scan.
[26/50] v3qeDhgVakw Final FantasyÆs Most Iconic Commanders | The Command Zone 680 | MTG EDH Magic Gathering
  Bookmark scan error: No description bookmarks at or after 1:00 were available to scan.
[27/50] tLncdhJj5jw The Best Final Fantasy Cards (In the 99) | The Command Zone 679 | MTG EDH Magic Gathering
  Bookmark scan error: No description bookmarks at or after 1:00 were available to scan.
[28/50] oKzgROnDNPI Final FantasyÆs Most Powerful Commanders | The Command Zone 678 | MTG EDH Magic: The Gathering
  Bookmark scan error: No timestamp bookmarks were found in the expanded YouTube description.
[29/50] ZqI_-DH7lBc Final Fantasy 6 - Commander Deck Upgrade Guide | ôRevival Tranceö | The Command Zone 677 | MTG Magic
  Bookmark scan error: No description bookmarks at or after 1:00 were available to scan.
[30/50] 0_18LXLvR9Y Final Fantasy 10 - Commander Deck Upgrade Guide | ôCounter Blitzö | The Command Zone 676 | MTG Magic
  Bookmark scan error: No description bookmarks at or after 1:00 were available to scan.
[31/50] iyTTFy9cXYo Our Final Fantasy Preview Card is a BEAST | The Command Zone | MTG EDH Magic Gathering
  Bookmark scan error: No description bookmarks at or after 1:00 were available to scan.
[32/50] N63rsMxeOYA Final Fantasy 14 - Commander Deck Upgrade Guide | ôScions & Spellcraftö | The Command Zone 675 | MTG
  Chrome is open. If YouTube asks for consent, sign-in, or a bot check, complete it in that window. Pre-roll ads will be allowed to finish.
  Description bookmarks: 10; checking first 3 chapter(s); scanning 30 unique second(s)
  Bookmark scan error: Locator.screenshot: Timeout 179891ms exceeded.
Call log:
  - taking element screenshot
  - waiting for fonts to load...
  - fonts loaded
  - attempting scroll into view action
    - waiting for element to be stable

[33/50] xkypTAiPbkU Final Fantasy 7 - Commander Deck Upgrade Guide | ôLimit Breakö | The Command Zone 674 | MTG Magic
  Chrome is open. If YouTube asks for consent, sign-in, or a bot check, complete it in that window. Pre-roll ads will be allowed to finish.
  Bookmark scan error: YouTube did not expose the main podcast video before the browser timeout. Last page title: Final Fantasy 7 - Commander Deck Upgrade Guide | ôLimit Breakö | The Command Zone 674 | MTG Magic - YouTube; video state: {'currentTime': 13.612792, 'duration': 16.881, 'readyState': 2, 'networkState': 2, 'paused': False, 'seeking': False, 'ended': False, 'src': 'blob:https://www.youtube.com/adeb59b6-dff2-4b9b-9f1b-4b8b5f3f64d1', 'adShowing': True}. Complete any prompt in Chrome and retry.
[34/50] f4Rf4EeMh1w We HATED these Commanders! Are They Still Bad? | The Command Zone 673 | MTG EDH Magic Gathering
  Bookmark scan error: No timestamp bookmarks were found in the expanded YouTube description.
[35/50] 6q0NW3lcEVI How Bad is Braids, Anyway? | The Command Zone 672 | MTG EDH Magic Gathering
  Chrome is open. If YouTube asks for consent, sign-in, or a bot check, complete it in that window. Pre-roll ads will be allowed to finish.
  Bookmark scan error: No description bookmarks at or after 1:00 were available to scan.
[36/50] jQAJM1Mtoco WhatÆs Wrong with the Commander Brackets? | The Command Zone 671 | MTG EDH Magic Gathering
  Chrome is open. If YouTube asks for consent, sign-in, or a bot check, complete it in that window. Pre-roll ads will be allowed to finish.
  Description bookmarks: 9; checking first 3 chapter(s); scanning 30 unique second(s)
  Patreon URL at 4:15 before 4:50
  Bookmark scan error: Locator.screenshot: Timeout 179891ms exceeded.
Call log:
  - taking element screenshot
  - waiting for fonts to load...
  - fonts loaded
  - attempting scroll into view action
    - waiting for element to be stable

[37/50] SowjUi0QZfo Major Commander UNBAN Announcement! | The Command Zone 670 | MTG EDH Magic Gathering
  Chrome is open. If YouTube asks for consent, sign-in, or a bot check, complete it in that window. Pre-roll ads will be allowed to finish.
  Bookmark scan error: No timestamp bookmarks were found in the expanded YouTube description.
[38/50] rBlD6rkZpHs Tarkir: DragonstormÆs Best Cards (In the 99) | The Command Zone 669 | MTG EDH Magic Gathering
  Bookmark scan error: No timestamp bookmarks were found in the expanded YouTube description.
[39/50] D1mxqk8enBI ôMardu Surgeö Precon Upgrade | Tarkir: Dragonstorm | The Command Zone 668 | MTG EDH Magic Gathering
  Bookmark scan error: No description bookmarks at or after 1:00 were available to scan.
[40/50] Zh6se3FAglk ôAbzan Armorö Precon Upgrade | Tarkir: Dragonstorm | The Command Zone 667 | MTG EDH Magic Gathering
  Bookmark scan error: No description bookmarks at or after 1:00 were available to scan.
[41/50] P0pjdWWi7bs Most Powerful Commanders in Tarkir: Dragonstorm | The Command Zone 666 | MTG EDH Magic Gathering
  Bookmark scan error: No description bookmarks at or after 1:00 were available to scan.
[42/50] eP1HquJbP_A ôTemur Roarö Precon Upgrade | Tarkir: Dragonstorm | The Command Zone 665 | MTG EDH Magic Gathering
  Bookmark scan error: No description bookmarks at or after 1:00 were available to scan.
[43/50] L1d7uUR02kg ôSultai Arisenö Precon Upgrade | Tarkir: Dragonstorm | The Command Zone 664 | MTG Magic Gathering
  Bookmark scan error: No timestamp bookmarks were found in the expanded YouTube description.
[44/50] e-P3IO_aAhI ôJeskai Strikerö Full Deck Reveal & Upgrade | Tarkir: Dragonstorm | The Command Zone 663 | MTG Magic
  Bookmark scan error: No description bookmarks at or after 1:00 were available to scan.
[45/50] 0mB6NqCZSnc The Complete Guide to Cutting Cards | The Command Zone 662 | MTG EDH Magic Gathering
  Chrome is open. If YouTube asks for consent, sign-in, or a bot check, complete it in that window. Pre-roll ads will be allowed to finish.
  Bookmark scan error: YouTube did not expose the main podcast video before the browser timeout. Last page title: The Complete Guide to Cutting Cards | The Command Zone 662 | MTG EDH Magic Gathering - YouTube; video state: {'currentTime': 50.221, 'duration': 50.221, 'readyState': 4, 'networkState': 2, 'paused': False, 'seeking': False, 'ended': False, 'src': 'blob:https://www.youtube.com/55cb5992-ab49-4184-bfa3-aef724f00289', 'adShowing': True}. Complete any prompt in Chrome and retry.
[46/50] 3u1bZQS2zdU The Magic Movie: Baseless Speculation | The Command Zone 661 | MTG EDH Magic Gathering
  Chrome is open. If YouTube asks for consent, sign-in, or a bot check, complete it in that window. Pre-roll ads will be allowed to finish.
  Bookmark scan error: No timestamp bookmarks were found in the expanded YouTube description.
[47/50] 8lchMqp1sZE Conceding is Salty! | Fact or Fiction? | The Command Zone 660 | MTG EDH Magic Gathering Commander
  Bookmark scan error: No timestamp bookmarks were found in the expanded YouTube description.
[48/50] PUrQpnQ7bi8 The Problem with Deckbuilding Templates | The Command Zone 659 | MTG EDH Magic Gathering
  Bookmark scan error: No description bookmarks at or after 1:00 were available to scan.
[49/50] OSNV6224cHg Commander Deckbuilding Template for the New Era | The Command Zone 658 | MTG EDH Magic Gathering
  Bookmark scan error: No description bookmarks at or after 1:00 were available to scan.
[50/50] P1GFbX_7Iok Will [Brackets] Solve The Power Level Problem? | The Command Zone 657 | MTG EDH Magic Gathering
  Bookmark scan error: No description bookmarks at or after 1:00 were available to scan.
Processed 50 video(s); added 6 candidate(s).
